[0m13:58:49.701165 [debug] [MainThread]: Sending event: {'category': 'dbt', 'action': 'invocation', 'label': 'start', 'context': [<snowplow_tracker.self_describing_json.SelfDescribingJson object at 0x7fe61a0c64e0>, <snowplow_tracker.self_describing_json.SelfDescribingJson object at 0x7fe61a0c68a0>, <snowplow_tracker.self_describing_json.SelfDescribingJson object at 0x7fe61a0c65a0>]}


============================== 13:58:49.704870 | 29194d0b-80d5-42d7-ad3c-9453d7bc1f02 ==============================
[0m13:58:49.704870 [info ] [MainThread]: Running with dbt=1.7.9
[0m13:58:49.705989 [debug] [MainThread]: running dbt with arguments {'printer_width': '80', 'indirect_selection': 'eager', 'write_json': 'True', 'log_cache_events': 'False', 'partial_parse': 'True', 'cache_selected_only': 'False', 'warn_error': 'None', 'debug': 'False', 'version_check': 'True', 'log_path': 'logs', 'profiles_dir': '/home/sabrina/.dbt', 'fail_fast': 'False', 'use_colors': 'True', 'use_experimental_parser': 'False', 'no_print': 'None', 'quiet': 'False', 'warn_error_options': 'WarnErrorOptions(include=[], exclude=[])', 'invocation_command': 'dbt init', 'log_format': 'default', 'introspect': 'True', 'target_path': 'None', 'static_parser': 'True', 'send_anonymous_usage_stats': 'True'}
[0m13:58:49.707245 [warn ] [MainThread]: [ConfigFolderDirectory]: Unable to parse dict {'dir': PosixPath('/home/sabrina/.dbt')}
[0m13:58:49.708316 [info ] [MainThread]: Creating dbt configuration folder at 
[0m13:59:03.287751 [debug] [MainThread]: Starter project path: /home/sabrina/miniforge3/envs/dez/lib/python3.12/site-packages/dbt/include/starter_project
[0m13:59:03.422949 [info ] [MainThread]: 
Your new dbt project "taxi" was created!

For more information on how to configure the profiles.yml file,
please consult the dbt documentation here:

  https://docs.getdbt.com/docs/configure-your-profile

One more thing:

Need help? Don't hesitate to reach out to us via GitHub issues or on Slack:

  https://community.getdbt.com/

Happy modeling!

[0m13:59:03.424226 [info ] [MainThread]: Setting up your profile.
[0m14:01:57.560733 [info ] [MainThread]: Profile taxi written to /home/sabrina/.dbt/profiles.yml using target's profile_template.yml and your supplied values. Run 'dbt debug' to validate the connection.
[0m14:01:57.569267 [debug] [MainThread]: Resource report: {"command_name": "init", "command_success": true, "command_wall_clock_time": 187.87346, "process_user_time": 1.359968, "process_kernel_time": 0.051907, "process_mem_max_rss": "99812", "process_in_blocks": "12464", "process_out_blocks": "8"}
[0m14:01:57.570422 [debug] [MainThread]: Command `dbt init` succeeded at 14:01:57.570282 after 187.87 seconds
[0m14:01:57.571220 [debug] [MainThread]: Sending event: {'category': 'dbt', 'action': 'invocation', 'label': 'end', 'context': [<snowplow_tracker.self_describing_json.SelfDescribingJson object at 0x7fe61aaca870>, <snowplow_tracker.self_describing_json.SelfDescribingJson object at 0x7fe61e0357f0>, <snowplow_tracker.self_describing_json.SelfDescribingJson object at 0x7fe61935e840>]}
[0m14:01:57.572689 [debug] [MainThread]: Flushing usage events
[0m14:12:25.495572 [debug] [MainThread]: Sending event: {'category': 'dbt', 'action': 'invocation', 'label': 'start', 'context': [<snowplow_tracker.self_describing_json.SelfDescribingJson object at 0x7f6c4a34a5d0>, <snowplow_tracker.self_describing_json.SelfDescribingJson object at 0x7f6c4c12d550>, <snowplow_tracker.self_describing_json.SelfDescribingJson object at 0x7f6c4b2eb8c0>]}


============================== 14:12:25.498292 | e5d1791d-8e27-4544-ae86-1eb4ea46d3f8 ==============================
[0m14:12:25.498292 [info ] [MainThread]: Running with dbt=1.7.9
[0m14:12:25.499669 [debug] [MainThread]: running dbt with arguments {'printer_width': '80', 'indirect_selection': 'eager', 'log_cache_events': 'False', 'write_json': 'True', 'partial_parse': 'True', 'cache_selected_only': 'False', 'profiles_dir': '/home/sabrina/.dbt', 'fail_fast': 'False', 'warn_error': 'None', 'log_path': 'logs', 'debug': 'False', 'version_check': 'True', 'use_colors': 'True', 'use_experimental_parser': 'False', 'no_print': 'None', 'quiet': 'False', 'warn_error_options': 'WarnErrorOptions(include=[], exclude=[])', 'static_parser': 'True', 'log_format': 'default', 'invocation_command': 'dbt debug', 'target_path': 'None', 'introspect': 'True', 'send_anonymous_usage_stats': 'True'}
[0m14:12:25.501024 [info ] [MainThread]: dbt version: 1.7.9
[0m14:12:25.502035 [info ] [MainThread]: python version: 3.12.1
[0m14:12:25.503017 [info ] [MainThread]: python path: /home/sabrina/miniforge3/envs/dez/bin/python3.12
[0m14:12:25.504021 [info ] [MainThread]: os info: Linux-5.15.133.1-microsoft-standard-WSL2-x86_64-with-glibc2.35
[0m14:12:25.596228 [info ] [MainThread]: Using profiles dir at /home/sabrina/.dbt
[0m14:12:25.597432 [info ] [MainThread]: Using profiles.yml file at /home/sabrina/.dbt/profiles.yml
[0m14:12:25.598458 [info ] [MainThread]: Using dbt_project.yml file at /mnt/c/Users/sabri/Documents/code/data-engineering/modules/4_analytics_engineering/code/dbt_project.yml
[0m14:12:25.599921 [info ] [MainThread]: adapter type: postgres
[0m14:12:25.600859 [info ] [MainThread]: adapter version: 1.7.9
[0m14:12:25.601932 [info ] [MainThread]: Configuration:
[0m14:12:25.603012 [info ] [MainThread]:   profiles.yml file [[32mOK found and valid[0m]
[0m14:12:25.604035 [info ] [MainThread]:   dbt_project.yml file [[31mERROR not found[0m]
[0m14:12:25.605272 [info ] [MainThread]: Required dependencies:
[0m14:12:25.606370 [debug] [MainThread]: Executing "git --help"
[0m14:12:25.608461 [debug] [MainThread]: STDOUT: "b"usage: git [--version] [--help] [-C <path>] [-c <name>=<value>]\n           [--exec-path[=<path>]] [--html-path] [--man-path] [--info-path]\n           [-p | --paginate | -P | --no-pager] [--no-replace-objects] [--bare]\n           [--git-dir=<path>] [--work-tree=<path>] [--namespace=<name>]\n           [--super-prefix=<path>] [--config-env=<name>=<envvar>]\n           <command> [<args>]\n\nThese are common Git commands used in various situations:\n\nstart a working area (see also: git help tutorial)\n   clone     Clone a repository into a new directory\n   init      Create an empty Git repository or reinitialize an existing one\n\nwork on the current change (see also: git help everyday)\n   add       Add file contents to the index\n   mv        Move or rename a file, a directory, or a symlink\n   restore   Restore working tree files\n   rm        Remove files from the working tree and from the index\n\nexamine the history and state (see also: git help revisions)\n   bisect    Use binary search to find the commit that introduced a bug\n   diff      Show changes between commits, commit and working tree, etc\n   grep      Print lines matching a pattern\n   log       Show commit logs\n   show      Show various types of objects\n   status    Show the working tree status\n\ngrow, mark and tweak your common history\n   branch    List, create, or delete branches\n   commit    Record changes to the repository\n   merge     Join two or more development histories together\n   rebase    Reapply commits on top of another base tip\n   reset     Reset current HEAD to the specified state\n   switch    Switch branches\n   tag       Create, list, delete or verify a tag object signed with GPG\n\ncollaborate (see also: git help workflows)\n   fetch     Download objects and refs from another repository\n   pull      Fetch from and integrate with another repository or a local branch\n   push      Update remote refs along with associated objects\n\n'git help -a' and 'git help -g' list available subcommands and some\nconcept guides. See 'git help <command>' or 'git help <concept>'\nto read about a specific subcommand or concept.\nSee 'git help git' for an overview of the system.\n""
[0m14:12:25.609613 [debug] [MainThread]: STDERR: "b''"
[0m14:12:25.610684 [info ] [MainThread]:  - git [[32mOK found[0m]

[0m14:12:25.612148 [info ] [MainThread]: Connection:
[0m14:12:25.613417 [info ] [MainThread]:   host: localhost
[0m14:12:25.614738 [info ] [MainThread]:   port: 5432
[0m14:12:25.615846 [info ] [MainThread]:   user: sabrina
[0m14:12:25.616930 [info ] [MainThread]:   database: taxi_data
[0m14:12:25.617956 [info ] [MainThread]:   schema: dbt_taxi
[0m14:12:25.618907 [info ] [MainThread]:   connect_timeout: 10
[0m14:12:25.619825 [info ] [MainThread]:   role: None
[0m14:12:25.620745 [info ] [MainThread]:   search_path: None
[0m14:12:25.621660 [info ] [MainThread]:   keepalives_idle: 0
[0m14:12:25.622549 [info ] [MainThread]:   sslmode: None
[0m14:12:25.623689 [info ] [MainThread]:   sslcert: None
[0m14:12:25.625025 [info ] [MainThread]:   sslkey: None
[0m14:12:25.626360 [info ] [MainThread]:   sslrootcert: None
[0m14:12:25.627488 [info ] [MainThread]:   application_name: dbt
[0m14:12:25.628576 [info ] [MainThread]:   retries: 1
[0m14:12:25.629833 [info ] [MainThread]: Registered adapter: postgres=1.7.9
[0m14:12:25.631124 [debug] [MainThread]: Acquiring new postgres connection 'debug'
[0m14:12:25.632159 [debug] [MainThread]: Using postgres connection "debug"
[0m14:12:25.633020 [debug] [MainThread]: On debug: select 1 as id
[0m14:12:25.633958 [debug] [MainThread]: Opening a new connection, currently in state init
[0m14:12:25.635165 [debug] [MainThread]: Postgres adapter: Got a retryable error when attempting to open a postgres connection.
1 attempts remaining. Retrying in 0 seconds.
Error:
connection to server at "localhost" (127.0.0.1), port 5432 failed: Connection refused
	Is the server running on that host and accepting TCP/IP connections?

[0m14:12:25.636419 [debug] [MainThread]: Postgres adapter: Error running SQL: select 1 as id
[0m14:12:25.637326 [debug] [MainThread]: Postgres adapter: Rolling back transaction.
[0m14:12:25.638538 [debug] [MainThread]: On debug: No close available on handle
[0m14:12:25.639571 [info ] [MainThread]:   Connection test: [[31mERROR[0m]

[0m14:12:25.640667 [info ] [MainThread]: [31m2 checks failed:[0m
[0m14:12:25.641666 [info ] [MainThread]: Project loading failed for the following reason:
 project path </mnt/c/Users/sabri/Documents/code/data-engineering/modules/4_analytics_engineering/code/dbt_project.yml> not found

[0m14:12:25.642751 [info ] [MainThread]: dbt was unable to connect to the specified database.
The database returned the following error:

  >Database Error
  connection to server at "localhost" (127.0.0.1), port 5432 failed: Connection refused
  	Is the server running on that host and accepting TCP/IP connections?
  

Check your database credentials and try again. For more information, visit:
https://docs.getdbt.com/docs/configure-your-profile


[0m14:12:25.644015 [debug] [MainThread]: Resource report: {"command_name": "debug", "command_wall_clock_time": 0.18831643, "process_user_time": 1.415141, "process_kernel_time": 0.109623, "process_mem_max_rss": "101192", "process_out_blocks": "8", "command_success": false, "process_in_blocks": "0"}
[0m14:12:25.645062 [debug] [MainThread]: Command `dbt debug` failed at 14:12:25.644919 after 0.19 seconds
[0m14:12:25.645935 [debug] [MainThread]: Connection 'debug' was properly closed.
[0m14:12:25.646932 [debug] [MainThread]: Sending event: {'category': 'dbt', 'action': 'invocation', 'label': 'end', 'context': [<snowplow_tracker.self_describing_json.SelfDescribingJson object at 0x7f6c4a9cbb60>, <snowplow_tracker.self_describing_json.SelfDescribingJson object at 0x7f6c4a3996a0>, <snowplow_tracker.self_describing_json.SelfDescribingJson object at 0x7f6c4a5d5160>]}
[0m14:12:25.647958 [debug] [MainThread]: Flushing usage events
[0m14:14:10.667571 [debug] [MainThread]: Sending event: {'category': 'dbt', 'action': 'invocation', 'label': 'start', 'context': [<snowplow_tracker.self_describing_json.SelfDescribingJson object at 0x7fdd21d363f0>, <snowplow_tracker.self_describing_json.SelfDescribingJson object at 0x7fdd25ea7b00>, <snowplow_tracker.self_describing_json.SelfDescribingJson object at 0x7fdd223ebef0>]}


============================== 14:14:10.670592 | 17f51008-3277-4bbb-afe2-13a4b7ca7208 ==============================
[0m14:14:10.670592 [info ] [MainThread]: Running with dbt=1.7.9
[0m14:14:10.671854 [debug] [MainThread]: running dbt with arguments {'printer_width': '80', 'indirect_selection': 'eager', 'write_json': 'True', 'log_cache_events': 'False', 'partial_parse': 'True', 'cache_selected_only': 'False', 'warn_error': 'None', 'fail_fast': 'False', 'profiles_dir': '/home/sabrina/.dbt', 'log_path': 'logs', 'version_check': 'True', 'debug': 'False', 'use_colors': 'True', 'use_experimental_parser': 'False', 'no_print': 'None', 'quiet': 'False', 'log_format': 'default', 'introspect': 'True', 'warn_error_options': 'WarnErrorOptions(include=[], exclude=[])', 'invocation_command': 'dbt debug', 'target_path': 'None', 'static_parser': 'True', 'send_anonymous_usage_stats': 'True'}
[0m14:14:10.673223 [info ] [MainThread]: dbt version: 1.7.9
[0m14:14:10.674231 [info ] [MainThread]: python version: 3.12.1
[0m14:14:10.675109 [info ] [MainThread]: python path: /home/sabrina/miniforge3/envs/dez/bin/python3.12
[0m14:14:10.676040 [info ] [MainThread]: os info: Linux-5.15.133.1-microsoft-standard-WSL2-x86_64-with-glibc2.35
[0m14:14:10.770866 [info ] [MainThread]: Using profiles dir at /home/sabrina/.dbt
[0m14:14:10.772408 [info ] [MainThread]: Using profiles.yml file at /home/sabrina/.dbt/profiles.yml
[0m14:14:10.773854 [info ] [MainThread]: Using dbt_project.yml file at /mnt/c/Users/sabri/Documents/code/data-engineering/modules/4_analytics_engineering/code/dbt_project.yml
[0m14:14:10.775064 [info ] [MainThread]: adapter type: postgres
[0m14:14:10.776160 [info ] [MainThread]: adapter version: 1.7.9
[0m14:14:10.777399 [info ] [MainThread]: Configuration:
[0m14:14:10.778367 [info ] [MainThread]:   profiles.yml file [[32mOK found and valid[0m]
[0m14:14:10.779477 [info ] [MainThread]:   dbt_project.yml file [[31mERROR not found[0m]
[0m14:14:10.780546 [info ] [MainThread]: Required dependencies:
[0m14:14:10.781672 [debug] [MainThread]: Executing "git --help"
[0m14:14:10.783768 [debug] [MainThread]: STDOUT: "b"usage: git [--version] [--help] [-C <path>] [-c <name>=<value>]\n           [--exec-path[=<path>]] [--html-path] [--man-path] [--info-path]\n           [-p | --paginate | -P | --no-pager] [--no-replace-objects] [--bare]\n           [--git-dir=<path>] [--work-tree=<path>] [--namespace=<name>]\n           [--super-prefix=<path>] [--config-env=<name>=<envvar>]\n           <command> [<args>]\n\nThese are common Git commands used in various situations:\n\nstart a working area (see also: git help tutorial)\n   clone     Clone a repository into a new directory\n   init      Create an empty Git repository or reinitialize an existing one\n\nwork on the current change (see also: git help everyday)\n   add       Add file contents to the index\n   mv        Move or rename a file, a directory, or a symlink\n   restore   Restore working tree files\n   rm        Remove files from the working tree and from the index\n\nexamine the history and state (see also: git help revisions)\n   bisect    Use binary search to find the commit that introduced a bug\n   diff      Show changes between commits, commit and working tree, etc\n   grep      Print lines matching a pattern\n   log       Show commit logs\n   show      Show various types of objects\n   status    Show the working tree status\n\ngrow, mark and tweak your common history\n   branch    List, create, or delete branches\n   commit    Record changes to the repository\n   merge     Join two or more development histories together\n   rebase    Reapply commits on top of another base tip\n   reset     Reset current HEAD to the specified state\n   switch    Switch branches\n   tag       Create, list, delete or verify a tag object signed with GPG\n\ncollaborate (see also: git help workflows)\n   fetch     Download objects and refs from another repository\n   pull      Fetch from and integrate with another repository or a local branch\n   push      Update remote refs along with associated objects\n\n'git help -a' and 'git help -g' list available subcommands and some\nconcept guides. See 'git help <command>' or 'git help <concept>'\nto read about a specific subcommand or concept.\nSee 'git help git' for an overview of the system.\n""
[0m14:14:10.785339 [debug] [MainThread]: STDERR: "b''"
[0m14:14:10.786829 [info ] [MainThread]:  - git [[32mOK found[0m]

[0m14:14:10.788359 [info ] [MainThread]: Connection:
[0m14:14:10.789692 [info ] [MainThread]:   host: localhost
[0m14:14:10.790790 [info ] [MainThread]:   port: 5432
[0m14:14:10.791885 [info ] [MainThread]:   user: sabrina
[0m14:14:10.792856 [info ] [MainThread]:   database: taxi_data
[0m14:14:10.793921 [info ] [MainThread]:   schema: dbt_taxi
[0m14:14:10.795126 [info ] [MainThread]:   connect_timeout: 10
[0m14:14:10.796324 [info ] [MainThread]:   role: None
[0m14:14:10.797355 [info ] [MainThread]:   search_path: None
[0m14:14:10.798495 [info ] [MainThread]:   keepalives_idle: 0
[0m14:14:10.799713 [info ] [MainThread]:   sslmode: None
[0m14:14:10.800889 [info ] [MainThread]:   sslcert: None
[0m14:14:10.802110 [info ] [MainThread]:   sslkey: None
[0m14:14:10.803154 [info ] [MainThread]:   sslrootcert: None
[0m14:14:10.804446 [info ] [MainThread]:   application_name: dbt
[0m14:14:10.805842 [info ] [MainThread]:   retries: 1
[0m14:14:10.807165 [info ] [MainThread]: Registered adapter: postgres=1.7.9
[0m14:14:10.808445 [debug] [MainThread]: Acquiring new postgres connection 'debug'
[0m14:14:10.809377 [debug] [MainThread]: Using postgres connection "debug"
[0m14:14:10.810261 [debug] [MainThread]: On debug: select 1 as id
[0m14:14:10.811175 [debug] [MainThread]: Opening a new connection, currently in state init
[0m14:14:10.816661 [debug] [MainThread]: Postgres adapter: Got a retryable error when attempting to open a postgres connection.
1 attempts remaining. Retrying in 0 seconds.
Error:
connection to server at "localhost" (127.0.0.1), port 5432 failed: FATAL:  password authentication failed for user "sabrina"

[0m14:14:10.821079 [debug] [MainThread]: Postgres adapter: Error running SQL: select 1 as id
[0m14:14:10.822831 [debug] [MainThread]: Postgres adapter: Rolling back transaction.
[0m14:14:10.824222 [debug] [MainThread]: On debug: No close available on handle
[0m14:14:10.825345 [info ] [MainThread]:   Connection test: [[31mERROR[0m]

[0m14:14:10.826515 [info ] [MainThread]: [31m2 checks failed:[0m
[0m14:14:10.827530 [info ] [MainThread]: Project loading failed for the following reason:
 project path </mnt/c/Users/sabri/Documents/code/data-engineering/modules/4_analytics_engineering/code/dbt_project.yml> not found

[0m14:14:10.828486 [info ] [MainThread]: dbt was unable to connect to the specified database.
The database returned the following error:

  >Database Error
  connection to server at "localhost" (127.0.0.1), port 5432 failed: FATAL:  password authentication failed for user "sabrina"
  

Check your database credentials and try again. For more information, visit:
https://docs.getdbt.com/docs/configure-your-profile


[0m14:14:10.830222 [debug] [MainThread]: Resource report: {"command_name": "debug", "command_wall_clock_time": 0.20176782, "process_user_time": 1.567152, "process_kernel_time": 0.080366, "process_mem_max_rss": "103224", "process_in_blocks": "16", "command_success": false, "process_out_blocks": "0"}
[0m14:14:10.831451 [debug] [MainThread]: Command `dbt debug` failed at 14:14:10.831303 after 0.20 seconds
[0m14:14:10.833065 [debug] [MainThread]: Connection 'debug' was properly closed.
[0m14:14:10.834675 [debug] [MainThread]: Sending event: {'category': 'dbt', 'action': 'invocation', 'label': 'end', 'context': [<snowplow_tracker.self_describing_json.SelfDescribingJson object at 0x7fdd225b7b00>, <snowplow_tracker.self_describing_json.SelfDescribingJson object at 0x7fdd21dcbfb0>, <snowplow_tracker.self_describing_json.SelfDescribingJson object at 0x7fdd23d0d2e0>]}
[0m14:14:10.836297 [debug] [MainThread]: Flushing usage events
[0m14:16:50.009211 [debug] [MainThread]: Sending event: {'category': 'dbt', 'action': 'invocation', 'label': 'start', 'context': [<snowplow_tracker.self_describing_json.SelfDescribingJson object at 0x7ff23f291940>, <snowplow_tracker.self_describing_json.SelfDescribingJson object at 0x7ff2410bd310>, <snowplow_tracker.self_describing_json.SelfDescribingJson object at 0x7ff23f293620>]}


============================== 14:16:50.012032 | f76bef31-2a0d-4b48-ae99-f3eb6599b291 ==============================
[0m14:16:50.012032 [info ] [MainThread]: Running with dbt=1.7.9
[0m14:16:50.013261 [debug] [MainThread]: running dbt with arguments {'printer_width': '80', 'indirect_selection': 'eager', 'log_cache_events': 'False', 'write_json': 'True', 'partial_parse': 'True', 'cache_selected_only': 'False', 'profiles_dir': '/home/sabrina/.dbt', 'version_check': 'True', 'warn_error': 'None', 'log_path': 'logs', 'fail_fast': 'False', 'debug': 'False', 'use_colors': 'True', 'use_experimental_parser': 'False', 'no_print': 'None', 'quiet': 'False', 'log_format': 'default', 'invocation_command': 'dbt debug', 'static_parser': 'True', 'warn_error_options': 'WarnErrorOptions(include=[], exclude=[])', 'target_path': 'None', 'introspect': 'True', 'send_anonymous_usage_stats': 'True'}
[0m14:16:50.014521 [info ] [MainThread]: dbt version: 1.7.9
[0m14:16:50.015793 [info ] [MainThread]: python version: 3.12.1
[0m14:16:50.016995 [info ] [MainThread]: python path: /home/sabrina/miniforge3/envs/dez/bin/python3.12
[0m14:16:50.018197 [info ] [MainThread]: os info: Linux-5.15.133.1-microsoft-standard-WSL2-x86_64-with-glibc2.35
[0m14:16:50.116967 [info ] [MainThread]: Using profiles dir at /home/sabrina/.dbt
[0m14:16:50.118455 [info ] [MainThread]: Using profiles.yml file at /home/sabrina/.dbt/profiles.yml
[0m14:16:50.119660 [info ] [MainThread]: Using dbt_project.yml file at /mnt/c/Users/sabri/Documents/code/data-engineering/modules/4_analytics_engineering/code/dbt_project.yml
[0m14:16:50.120801 [info ] [MainThread]: adapter type: postgres
[0m14:16:50.121736 [info ] [MainThread]: adapter version: 1.7.9
[0m14:16:50.122868 [info ] [MainThread]: Configuration:
[0m14:16:50.124099 [info ] [MainThread]:   profiles.yml file [[32mOK found and valid[0m]
[0m14:16:50.125137 [info ] [MainThread]:   dbt_project.yml file [[31mERROR not found[0m]
[0m14:16:50.126382 [info ] [MainThread]: Required dependencies:
[0m14:16:50.127605 [debug] [MainThread]: Executing "git --help"
[0m14:16:50.129927 [debug] [MainThread]: STDOUT: "b"usage: git [--version] [--help] [-C <path>] [-c <name>=<value>]\n           [--exec-path[=<path>]] [--html-path] [--man-path] [--info-path]\n           [-p | --paginate | -P | --no-pager] [--no-replace-objects] [--bare]\n           [--git-dir=<path>] [--work-tree=<path>] [--namespace=<name>]\n           [--super-prefix=<path>] [--config-env=<name>=<envvar>]\n           <command> [<args>]\n\nThese are common Git commands used in various situations:\n\nstart a working area (see also: git help tutorial)\n   clone     Clone a repository into a new directory\n   init      Create an empty Git repository or reinitialize an existing one\n\nwork on the current change (see also: git help everyday)\n   add       Add file contents to the index\n   mv        Move or rename a file, a directory, or a symlink\n   restore   Restore working tree files\n   rm        Remove files from the working tree and from the index\n\nexamine the history and state (see also: git help revisions)\n   bisect    Use binary search to find the commit that introduced a bug\n   diff      Show changes between commits, commit and working tree, etc\n   grep      Print lines matching a pattern\n   log       Show commit logs\n   show      Show various types of objects\n   status    Show the working tree status\n\ngrow, mark and tweak your common history\n   branch    List, create, or delete branches\n   commit    Record changes to the repository\n   merge     Join two or more development histories together\n   rebase    Reapply commits on top of another base tip\n   reset     Reset current HEAD to the specified state\n   switch    Switch branches\n   tag       Create, list, delete or verify a tag object signed with GPG\n\ncollaborate (see also: git help workflows)\n   fetch     Download objects and refs from another repository\n   pull      Fetch from and integrate with another repository or a local branch\n   push      Update remote refs along with associated objects\n\n'git help -a' and 'git help -g' list available subcommands and some\nconcept guides. See 'git help <command>' or 'git help <concept>'\nto read about a specific subcommand or concept.\nSee 'git help git' for an overview of the system.\n""
[0m14:16:50.131189 [debug] [MainThread]: STDERR: "b''"
[0m14:16:50.132246 [info ] [MainThread]:  - git [[32mOK found[0m]

[0m14:16:50.133730 [info ] [MainThread]: Connection:
[0m14:16:50.135215 [info ] [MainThread]:   host: localhost
[0m14:16:50.137000 [info ] [MainThread]:   port: 5432
[0m14:16:50.138875 [info ] [MainThread]:   user: root
[0m14:16:50.140205 [info ] [MainThread]:   database: ny_taxi
[0m14:16:50.141406 [info ] [MainThread]:   schema: dbt_taxi
[0m14:16:50.142391 [info ] [MainThread]:   connect_timeout: 10
[0m14:16:50.143289 [info ] [MainThread]:   role: None
[0m14:16:50.144216 [info ] [MainThread]:   search_path: None
[0m14:16:50.145478 [info ] [MainThread]:   keepalives_idle: 0
[0m14:16:50.146986 [info ] [MainThread]:   sslmode: None
[0m14:16:50.148360 [info ] [MainThread]:   sslcert: None
[0m14:16:50.149907 [info ] [MainThread]:   sslkey: None
[0m14:16:50.151212 [info ] [MainThread]:   sslrootcert: None
[0m14:16:50.152270 [info ] [MainThread]:   application_name: dbt
[0m14:16:50.153177 [info ] [MainThread]:   retries: 1
[0m14:16:50.154630 [info ] [MainThread]: Registered adapter: postgres=1.7.9
[0m14:16:50.156268 [debug] [MainThread]: Acquiring new postgres connection 'debug'
[0m14:16:50.157213 [debug] [MainThread]: Using postgres connection "debug"
[0m14:16:50.158065 [debug] [MainThread]: On debug: select 1 as id
[0m14:16:50.158935 [debug] [MainThread]: Opening a new connection, currently in state init
[0m14:16:50.181382 [debug] [MainThread]: SQL status: SELECT 1 in 0.0 seconds
[0m14:16:50.182952 [debug] [MainThread]: On debug: Close
[0m14:16:50.183983 [info ] [MainThread]:   Connection test: [[32mOK connection ok[0m]

[0m14:16:50.184926 [info ] [MainThread]: [31m1 check failed:[0m
[0m14:16:50.185804 [info ] [MainThread]: Project loading failed for the following reason:
 project path </mnt/c/Users/sabri/Documents/code/data-engineering/modules/4_analytics_engineering/code/dbt_project.yml> not found

[0m14:16:50.187193 [debug] [MainThread]: Resource report: {"command_name": "debug", "command_wall_clock_time": 0.21883303, "process_user_time": 1.440956, "process_kernel_time": 0.039858, "process_mem_max_rss": "103260", "command_success": false, "process_in_blocks": "0", "process_out_blocks": "0"}
[0m14:16:50.188136 [debug] [MainThread]: Command `dbt debug` failed at 14:16:50.188008 after 0.22 seconds
[0m14:16:50.188956 [debug] [MainThread]: Connection 'debug' was properly closed.
[0m14:16:50.189744 [debug] [MainThread]: Sending event: {'category': 'dbt', 'action': 'invocation', 'label': 'end', 'context': [<snowplow_tracker.self_describing_json.SelfDescribingJson object at 0x7ff23fe338f0>, <snowplow_tracker.self_describing_json.SelfDescribingJson object at 0x7ff23f1435c0>, <snowplow_tracker.self_describing_json.SelfDescribingJson object at 0x7ff23fde3cb0>]}
[0m14:16:50.190609 [debug] [MainThread]: Flushing usage events
[0m14:26:45.369101 [debug] [MainThread]: Sending event: {'category': 'dbt', 'action': 'invocation', 'label': 'start', 'context': [<snowplow_tracker.self_describing_json.SelfDescribingJson object at 0x7fa0f1f83560>, <snowplow_tracker.self_describing_json.SelfDescribingJson object at 0x7fa0f1f80c80>, <snowplow_tracker.self_describing_json.SelfDescribingJson object at 0x7fa0f1f80b60>]}


============================== 14:26:45.372130 | 9341f76a-5010-4abb-85ee-af90b88d9748 ==============================
[0m14:26:45.372130 [info ] [MainThread]: Running with dbt=1.7.9
[0m14:26:45.373458 [debug] [MainThread]: running dbt with arguments {'printer_width': '80', 'indirect_selection': 'eager', 'log_cache_events': 'False', 'write_json': 'True', 'partial_parse': 'True', 'cache_selected_only': 'False', 'warn_error': 'None', 'debug': 'False', 'profiles_dir': '/home/sabrina/.dbt', 'log_path': 'logs', 'version_check': 'True', 'fail_fast': 'False', 'use_colors': 'True', 'use_experimental_parser': 'False', 'no_print': 'None', 'quiet': 'False', 'log_format': 'default', 'invocation_command': 'dbt debug', 'static_parser': 'True', 'warn_error_options': 'WarnErrorOptions(include=[], exclude=[])', 'target_path': 'None', 'introspect': 'True', 'send_anonymous_usage_stats': 'True'}
[0m14:26:45.374710 [info ] [MainThread]: dbt version: 1.7.9
[0m14:26:45.375569 [info ] [MainThread]: python version: 3.12.1
[0m14:26:45.376467 [info ] [MainThread]: python path: /home/sabrina/miniforge3/envs/dez/bin/python3.12
[0m14:26:45.377665 [info ] [MainThread]: os info: Linux-5.15.133.1-microsoft-standard-WSL2-x86_64-with-glibc2.35
[0m14:26:45.475740 [info ] [MainThread]: Using profiles dir at /home/sabrina/.dbt
[0m14:26:45.477077 [info ] [MainThread]: Using profiles.yml file at /home/sabrina/.dbt/profiles.yml
[0m14:26:45.478253 [info ] [MainThread]: Using dbt_project.yml file at /mnt/c/Users/sabri/Documents/code/data-engineering/modules/4_analytics_engineering/code/dbt_project.yml
[0m14:26:45.479426 [info ] [MainThread]: adapter type: postgres
[0m14:26:45.480512 [info ] [MainThread]: adapter version: 1.7.9
[0m14:26:45.481845 [info ] [MainThread]: Configuration:
[0m14:26:45.482973 [info ] [MainThread]:   profiles.yml file [[32mOK found and valid[0m]
[0m14:26:45.484350 [info ] [MainThread]:   dbt_project.yml file [[31mERROR not found[0m]
[0m14:26:45.485493 [info ] [MainThread]: Required dependencies:
[0m14:26:45.486500 [debug] [MainThread]: Executing "git --help"
[0m14:26:45.488484 [debug] [MainThread]: STDOUT: "b"usage: git [--version] [--help] [-C <path>] [-c <name>=<value>]\n           [--exec-path[=<path>]] [--html-path] [--man-path] [--info-path]\n           [-p | --paginate | -P | --no-pager] [--no-replace-objects] [--bare]\n           [--git-dir=<path>] [--work-tree=<path>] [--namespace=<name>]\n           [--super-prefix=<path>] [--config-env=<name>=<envvar>]\n           <command> [<args>]\n\nThese are common Git commands used in various situations:\n\nstart a working area (see also: git help tutorial)\n   clone     Clone a repository into a new directory\n   init      Create an empty Git repository or reinitialize an existing one\n\nwork on the current change (see also: git help everyday)\n   add       Add file contents to the index\n   mv        Move or rename a file, a directory, or a symlink\n   restore   Restore working tree files\n   rm        Remove files from the working tree and from the index\n\nexamine the history and state (see also: git help revisions)\n   bisect    Use binary search to find the commit that introduced a bug\n   diff      Show changes between commits, commit and working tree, etc\n   grep      Print lines matching a pattern\n   log       Show commit logs\n   show      Show various types of objects\n   status    Show the working tree status\n\ngrow, mark and tweak your common history\n   branch    List, create, or delete branches\n   commit    Record changes to the repository\n   merge     Join two or more development histories together\n   rebase    Reapply commits on top of another base tip\n   reset     Reset current HEAD to the specified state\n   switch    Switch branches\n   tag       Create, list, delete or verify a tag object signed with GPG\n\ncollaborate (see also: git help workflows)\n   fetch     Download objects and refs from another repository\n   pull      Fetch from and integrate with another repository or a local branch\n   push      Update remote refs along with associated objects\n\n'git help -a' and 'git help -g' list available subcommands and some\nconcept guides. See 'git help <command>' or 'git help <concept>'\nto read about a specific subcommand or concept.\nSee 'git help git' for an overview of the system.\n""
[0m14:26:45.489574 [debug] [MainThread]: STDERR: "b''"
[0m14:26:45.490610 [info ] [MainThread]:  - git [[32mOK found[0m]

[0m14:26:45.491612 [info ] [MainThread]: Connection:
[0m14:26:45.492592 [info ] [MainThread]:   host: host.docker.internal
[0m14:26:45.493535 [info ] [MainThread]:   port: 5432
[0m14:26:45.494422 [info ] [MainThread]:   user: root
[0m14:26:45.495244 [info ] [MainThread]:   database: ny_taxi
[0m14:26:45.496108 [info ] [MainThread]:   schema: dbt_taxi
[0m14:26:45.497128 [info ] [MainThread]:   connect_timeout: 10
[0m14:26:45.498217 [info ] [MainThread]:   role: None
[0m14:26:45.499219 [info ] [MainThread]:   search_path: None
[0m14:26:45.500449 [info ] [MainThread]:   keepalives_idle: 0
[0m14:26:45.501441 [info ] [MainThread]:   sslmode: None
[0m14:26:45.502366 [info ] [MainThread]:   sslcert: None
[0m14:26:45.503345 [info ] [MainThread]:   sslkey: None
[0m14:26:45.504449 [info ] [MainThread]:   sslrootcert: None
[0m14:26:45.505713 [info ] [MainThread]:   application_name: dbt
[0m14:26:45.506600 [info ] [MainThread]:   retries: 1
[0m14:26:45.507471 [info ] [MainThread]: Registered adapter: postgres=1.7.9
[0m14:26:45.508733 [debug] [MainThread]: Acquiring new postgres connection 'debug'
[0m14:26:45.510253 [debug] [MainThread]: Using postgres connection "debug"
[0m14:26:45.511484 [debug] [MainThread]: On debug: select 1 as id
[0m14:26:45.512678 [debug] [MainThread]: Opening a new connection, currently in state init
[0m14:26:45.538424 [debug] [MainThread]: SQL status: SELECT 1 in 0.0 seconds
[0m14:26:45.540416 [debug] [MainThread]: On debug: Close
[0m14:26:45.541342 [info ] [MainThread]:   Connection test: [[32mOK connection ok[0m]

[0m14:26:45.542342 [info ] [MainThread]: [31m1 check failed:[0m
[0m14:26:45.543350 [info ] [MainThread]: Project loading failed for the following reason:
 project path </mnt/c/Users/sabri/Documents/code/data-engineering/modules/4_analytics_engineering/code/dbt_project.yml> not found

[0m14:26:45.544890 [debug] [MainThread]: Resource report: {"command_name": "debug", "command_wall_clock_time": 0.21603335, "process_user_time": 1.451367, "process_kernel_time": 0.060056, "process_mem_max_rss": "103252", "command_success": false, "process_in_blocks": "0", "process_out_blocks": "0"}
[0m14:26:45.546044 [debug] [MainThread]: Command `dbt debug` failed at 14:26:45.545913 after 0.22 seconds
[0m14:26:45.547025 [debug] [MainThread]: Connection 'debug' was properly closed.
[0m14:26:45.547897 [debug] [MainThread]: Sending event: {'category': 'dbt', 'action': 'invocation', 'label': 'end', 'context': [<snowplow_tracker.self_describing_json.SelfDescribingJson object at 0x7fa0f2182030>, <snowplow_tracker.self_describing_json.SelfDescribingJson object at 0x7fa0f2022cf0>, <snowplow_tracker.self_describing_json.SelfDescribingJson object at 0x7fa0f2023830>]}
[0m14:26:45.548817 [debug] [MainThread]: Flushing usage events
